Test (2A): initial election ...
  ... Passed --   3.1  3  120   33520    0
Test (2A): election after network failure ...
  ... Passed --   4.4  3  230   46099    0
Test (2A): multiple elections ...
  ... Passed --   5.4  7 1164  239136    0
Test (2B): basic agreement ...
  ... Passed --   0.1  3   22    6057    3
Test (2B): RPC byte count ...
  ... Passed --   0.3  3   60  172700   11
Test (2B): test progressive failure of followers ...
  ... Passed --   4.3  3  214   46862    3
Test (2B): test failure of leaders ...
  ... Passed --   4.2  3  340   73328    3
Test (2B): agreement after follower reconnects ...
  ... Passed --   5.0  3  228   62101    8
Test (2B): no agreement if too many followers disconnect ...
  ... Passed --   3.4  5  360   80305    3
Test (2B): concurrent Start()s ...
  ... Passed --   0.5  3   46   13243    6
Test (2B): rejoin of partitioned leader ...
  ... Passed --   3.7  3  248   55393    4
Test (2B): leader backs up quickly over incorrect follower logs ...
  ... Passed --   8.7  5 2391 1656265  102
Test (2B): RPC counts aren't too high ...
too many
 --- FAIL: TestCount2B (1.02s)
    test_test.go:588: too many or few RPCs (32) to elect initial leader
Test (2C): basic persistence ...
  ... Passed --   4.5  3  210   56365    7
Test (2C): more persistence ...
  ... Passed --  14.0  5 1564  346492   16
Test (2C): partitioned leader and one follower crash, leader restarts ...
  ... Passed --   1.0  3   58   14839    4
Test (2C): Figure 8 ...
  ... Passed --  34.0  5 2632  585043   81
Test (2C): unreliable agreement ...
  ... Passed --   1.9  5 1732  555091  246
Test (2C): Figure 8 (unreliable) ...
  ... Passed --  34.0  5 11400 16650580  471
Test (2C): churn ...
  ... Passed --  16.7  5 8396 12090777  894
Test (2C): unreliable churn ...
  ... Passed --  16.2  5 10340 12441214 1206
Test (2D): snapshots basic ...
  ... Passed --   1.2  3  630  268272  236
Test (2D): install snapshots (disconnect) ...
  ... Passed --  31.6  3 2314  826797  328
Test (2D): install snapshots (disconnect+unreliable) ...
  ... Passed --  35.4  3 2480  859809  328
Test (2D): install snapshots (crash) ...
  ... Passed --  42.8  3 2574  948158  350
Test (2D): install snapshots (unreliable+crash) ...
  ... Passed --  61.3  3 3264 1108944  354
Test (2D): crash and restart all servers ...
  ... Passed --   2.2  3  352  102035   63
Test (2D): snapshot initialization after crash ...
  ... Passed --   0.4  3   88   25030   14
FAIL
exit status 1
FAIL	6.5840/raft	341.363s
