Test (2A): initial election ...
  ... Passed --   3.1  3  120   33292    0
Test (2A): election after network failure ...
  ... Passed --   4.4  3  234   48107    0
Test (2A): multiple elections ...
  ... Passed --   5.5  7 1115  235997    0
Test (2B): basic agreement ...
  ... Passed --   0.4  3   26    6640    3
Test (2B): RPC byte count ...
  ... Passed --   0.3  3   60  167789   11
Test (2B): test progressive failure of followers ...
  ... Passed --   4.3  3  210   46382    3
Test (2B): test failure of leaders ...
  ... Passed --   4.3  3  348   74770    3
Test (2B): agreement after follower reconnects ...
  ... Passed --   3.1  3  156   40775    7
Test (2B): no agreement if too many followers disconnect ...
  ... Passed --   3.3  5  364   81227    3
Test (2B): concurrent Start()s ...
  ... Passed --   0.5  3   48   13815    6
Test (2B): rejoin of partitioned leader ...
  ... Passed --   3.4  3  258   59094    4
Test (2B): leader backs up quickly over incorrect follower logs ...
  ... Passed --   8.7  5 2364 1626910  102
Test (2B): RPC counts aren't too high ...
--- FAIL: TestCount2B (1.03s)
    test_test.go:657: too many RPCs (48) for 10 entries
Test (2C): basic persistence ...
  ... Passed --   2.0  3  126   33389    6
Test (2C): more persistence ...
  ... Passed --  14.2  5 1579  349684   16
Test (2C): partitioned leader and one follower crash, leader restarts ...
  ... Passed --   0.7  3   52   13660    4
Test (2C): Figure 8 ...
  ... Passed --  29.6  5 2440  537320   84
Test (2C): unreliable agreement ...
  ... Passed --   1.3  5 1652  518471  246
Test (2C): Figure 8 (unreliable) ...
  ... Passed --  31.7  5 13296 27627524  237
Test (2C): churn ...
  ... Passed --  16.5  5 21304 57286791 2557
Test (2C): unreliable churn ...
  ... Passed --  16.4  5 10588 29638378  817
Test (2D): snapshots basic ...
  ... Passed --   1.2  3  616  264080  228
Test (2D): install snapshots (disconnect) ...
  ... Passed --  28.2  3 2106  747729  300
Test (2D): install snapshots (disconnect+unreliable) ...
  ... Passed --  34.7  3 2380  809000  301
Test (2D): install snapshots (crash) ...
  ... Passed --  30.2  3 2128  818107  331
Test (2D): install snapshots (unreliable+crash) ...
  ... Passed --  55.4  3 2950 1012552  336
Test (2D): crash and restart all servers ...
  ... Passed --   2.8  3  346   98822   59
Test (2D): snapshot initialization after crash ...
  ... Passed --   0.7  3   92   25648   14
FAIL
exit status 1
FAIL	6.5840/raft	307.885s
