Test (2A): initial election ...
  ... Passed --   3.1  3  122   34096    0
Test (2A): election after network failure ...
  ... Passed --   4.6  3  246   51131    0
Test (2A): multiple elections ...
  ... Passed --   5.4  7  990  206289    0
Test (2B): basic agreement ...
  ... Passed --   0.1  3   22    5987    3
Test (2B): RPC byte count ...
  ... Passed --   0.5  3   60  167795   11
Test (2B): test progressive failure of followers ...
  ... Passed --   4.1  3  212   46755    3
Test (2B): test failure of leaders ...
  ... Passed --   4.4  3  350   75335    3
Test (2B): agreement after follower reconnects ...
  ... Passed --   3.0  3  152   40714    7
Test (2B): no agreement if too many followers disconnect ...
  ... Passed --   3.0  5  347   77957    3
Test (2B): concurrent Start()s ...
  ... Passed --   0.5  3   38   10893    6
Test (2B): rejoin of partitioned leader ...
  ... Passed --   3.8  3  274   62576    4
Test (2B): leader backs up quickly over incorrect follower logs ...
  ... Passed --   8.8  5 2396 1651789  102
Test (2B): RPC counts aren't too high ...
  ... Passed --   2.0  3  110   33843   12
Test (2C): basic persistence ...
  ... Passed --   4.4  3  210   57018    7
Test (2C): more persistence ...
  ... Passed --  14.2  5 1576  349334   16
Test (2C): partitioned leader and one follower crash, leader restarts ...
  ... Passed --   0.7  3   54   14110    4
Test (2C): Figure 8 ...
  ... Passed --  31.4  5 2604  579691   83
Test (2C): unreliable agreement ...
  ... Passed --   1.7  5 1704  548736  246
Test (2C): Figure 8 (unreliable) ...
--- FAIL: TestFigure8Unreliable2C (43.39s)
    config.go:612: one(4330) failed to reach agreement
Test (2C): churn ...
  ... Passed --  16.1  5 12276 11881759 1433
Test (2C): unreliable churn ...
  ... Passed --  16.5  5 12644 7251394 1559
Test (2D): snapshots basic ...
  ... Passed --   1.6  3  590  248822  228
Test (2D): install snapshots (disconnect) ...
  ... Passed --  31.5  3 2378  866031  338
Test (2D): install snapshots (disconnect+unreliable) ...
  ... Passed --  36.3  3 2484  885229  324
Test (2D): install snapshots (crash) ...
  ... Passed --  48.6  3 2620  896729  293
Test (2D): install snapshots (unreliable+crash) ...
  ... Passed --  54.5  3 2856  958771  309
Test (2D): crash and restart all servers ...
  ... Passed --   1.7  3  306   89118   54
Test (2D): snapshot initialization after crash ...
  ... Passed --   0.4  3   88   25088   14
FAIL
exit status 1
FAIL	6.5840/raft	346.298s
