Test (2A): initial election ...
  ... Passed --   3.1  3  120   33292    0
Test (2A): election after network failure ...
  ... Passed --   4.6  3  230   45899    0
Test (2A): multiple elections ...
  ... Passed --   5.4  7  978  202849    0
Test (2B): basic agreement ...
  ... Passed --   0.1  3   22    6017    3
Test (2B): RPC byte count ...
  ... Passed --   0.3  3   60  167677   11
Test (2B): test progressive failure of followers ...
  ... Passed --   4.3  3  214   46960    3
Test (2B): test failure of leaders ...
  ... Passed --   5.0  3  368   78675    3
Test (2B): agreement after follower reconnects ...
  ... Passed --   3.2  3  154   40636    7
Test (2B): no agreement if too many followers disconnect ...
  ... Passed --   3.3  5  372   81001    3
Test (2B): concurrent Start()s ...
  ... Passed --   0.5  3   42   11573    6
Test (2B): rejoin of partitioned leader ...
  ... Passed --   3.5  3  254   58442    4
Test (2B): leader backs up quickly over incorrect follower logs ...
  ... Passed --   8.6  5 2372 1633169  102
Test (2B): RPC counts aren't too high ...
--- FAIL: TestCount2B (1.03s)
    test_test.go:657: too many RPCs (48) for 10 entries
Test (2C): basic persistence ...
  ... Passed --   4.7  3  210   56406    7
Test (2C): more persistence ...
  ... Passed --  14.2  5 1572  348698   16
Test (2C): partitioned leader and one follower crash, leader restarts ...
  ... Passed --   0.7  3   52   13605    4
Test (2C): Figure 8 ...
  ... Passed --  36.5  5 3164  702228  109
Test (2C): unreliable agreement ...
  ... Passed --   2.7  5 1748  561920  246
Test (2C): Figure 8 (unreliable) ...
  ... Passed --  36.3  5 13812 32952942  192
Test (2C): churn ...
  ... Passed --  16.2  5 11952 31151827 1416
Test (2C): unreliable churn ...
  ... Passed --  16.3  5 9476 18049839 1128
Test (2D): snapshots basic ...
  ... Passed --   1.2  3  556  228606  207
Test (2D): install snapshots (disconnect) ...
  ... Passed --  31.0  3 2222  797491  309
Test (2D): install snapshots (disconnect+unreliable) ...
  ... Passed --  34.4  3 2352  798487  294
Test (2D): install snapshots (crash) ...
  ... Passed --  38.5  3 2294  838044  311
Test (2D): install snapshots (unreliable+crash) ...
  ... Passed --  59.7  3 3162 1078989  341
Test (2D): crash and restart all servers ...
  ... Passed --   1.9  3  284   82004   49
Test (2D): snapshot initialization after crash ...
  ... Passed --   0.9  3   92   25372   14
FAIL
exit status 1
FAIL	6.5840/raft	338.112s
